<?xml version="1.0" encoding="UTF-8"?>
<!-- Generated by org.testng.reporters.JUnitXMLReporter -->
<testsuite ignored="0" hostname="LAPTOP-7ICRH45S" failures="0" tests="3" name="Test" time="1.884" errors="0" timestamp="2026-05-06T02:07:28 IST">
  <testcase classname="com.api.test.loginTest" name="logintest" time="1.316"/>
  <testcase classname="com.api.test.signUpTestBuilder" name="signUpTest" time="0.248"/>
  <testcase classname="com.api.test.updateUserTest" name="updateUser" time="0.287"/>
</testsuite> <!-- Test -->
