<?xml version="1.0" encoding="UTF-8"?>
<testsuite xmlns:xsi="http://www.w3.org/2001/XMLSchema-instance" xsi:noNamespaceSchemaLocation="https://maven.apache.org/surefire/maven-surefire-plugin/xsd/surefire-test-report.xsd" version="3.0.2" name="TestSuite" time="2.616" tests="3" errors="0" skipped="0" failures="0">
  <properties>
[...]
</properties>
  <testcase name="logintest" classname="com.api.test.loginTest" time="1.317">
    <system-out><![CDATA[2026-05-06 02:07:26 INFO  myTestListner:14 - This Suit Started*****
2026-05-06 02:07:26 INFO  myTestListner:18 - Test Execution Started*****
2026-05-06 02:07:26 INFO  myTestListner:19 - Start****class org.testng.internal.TestNGMethod
2026-05-06 02:07:27 INFO  loggingFilter:28 - BASE URI:http://64.227.160.186:8080/
2026-05-06 02:07:27 INFO  loggingFilter:29 - request Header :Accept=*/*
Content-Type=application/json
2026-05-06 02:07:27 INFO  loggingFilter:30 - request Payload :{"username":"uday1234","password":"uday12345"}
2026-05-06 02:07:28 INFO  loggingFilter:34 - Status Code :200
2026-05-06 02:07:28 INFO  loggingFilter:35 -  Request Header :Vary=Origin
Vary=Access-Control-Request-Method
Vary=Access-Control-Request-Headers
Access-Control-Allow-Origin=https://swift.techwithjatin.com
Access-Control-Allow-Methods=GET, POST, PUT, DELETE, OPTIONS
Access-Control-Max-Age=3600
Access-Control-Allow-Headers=Authorization, Content-Type, Accept
Access-Control-Allow-Credentials=true
X-Content-Type-Options=nosniff
X-XSS-Protection=0
Cache-Control=no-cache, no-store, max-age=0, must-revalidate
Pragma=no-cache
Expires=0
X-Frame-Options=DENY
Content-Type=application/json
Transfer-Encoding=chunked
Date=Tue, 05 May 2026 20:37:27 GMT
Keep-Alive=timeout=60
Connection=keep-alive
{
    "token": "eyJhbGciOiJIUzI1NiJ9.eyJzdWIiOiJ1ZGF5MTIzNCIsImlhdCI6MTc3ODAxMzQ0NywiZXhwIjoxNzc4MDE3MDQ3fQ.z1O01tx2RZ5sMuGg1cGBgQw03ewHvIoPtAFhj6bmW3Q",
    "type": "Bearer",
    "id": 1,
    "username": "uday1234",
    "email": "rahul.sharma03@gmail.com",
    "roles": [
        "ROLE_USER"
    ]
}
2026-05-06 02:07:28 INFO  loggingFilter:36 - response Payload :{
    "token": "eyJhbGciOiJIUzI1NiJ9.eyJzdWIiOiJ1ZGF5MTIzNCIsImlhdCI6MTc3ODAxMzQ0NywiZXhwIjoxNzc4MDE3MDQ3fQ.z1O01tx2RZ5sMuGg1cGBgQw03ewHvIoPtAFhj6bmW3Q",
    "type": "Bearer",
    "id": 1,
    "username": "uday1234",
    "email": "rahul.sharma03@gmail.com",
    "roles": [
        "ROLE_USER"
    ]
}
Status Code: 200
eyJhbGciOiJIUzI1NiJ9.eyJzdWIiOiJ1ZGF5MTIzNCIsImlhdCI6MTc3ODAxMzQ0NywiZXhwIjoxNzc4MDE3MDQ3fQ.z1O01tx2RZ5sMuGg1cGBgQw03ewHvIoPtAFhj6bmW3Q
rahul.sharma03@gmail.com
uday1234
eyJhbGciOiJIUzI1NiJ9.eyJzdWIiOiJ1ZGF5MTIzNCIsImlhdCI6MTc3ODAxMzQ0NywiZXhwIjoxNzc4MDE3MDQ3fQ.z1O01tx2RZ5sMuGg1cGBgQw03ewHvIoPtAFhj6bmW3Q
]]></system-out>
    <system-err><![CDATA[SLF4J: Failed to load class "org.slf4j.impl.StaticLoggerBinder".
SLF4J: Defaulting to no-operation (NOP) logger implementation
SLF4J: See http://www.slf4j.org/codes.html#StaticLoggerBinder for further details.
]]></system-err>
  </testcase>
  <testcase name="signUpTest" classname="com.api.test.signUpTestBuilder" time="0.248">
    <system-out><![CDATA[2026-05-06 02:07:28 INFO  myTestListner:24 - Test Got Passed*****
2026-05-06 02:07:28 INFO  myTestListner:25 - class org.testng.internal.TestNGMethod
2026-05-06 02:07:28 INFO  myTestListner:26 - Description***Verify if Login Api is working....
2026-05-06 02:07:28 INFO  myTestListner:18 - Test Execution Started*****
2026-05-06 02:07:28 INFO  myTestListner:19 - Start****class org.testng.internal.TestNGMethod
2026-05-06 02:07:28 INFO  loggingFilter:28 - BASE URI:http://64.227.160.186:8080/
2026-05-06 02:07:28 INFO  loggingFilter:29 - request Header :Accept=*/*
Content-Type=application/json
2026-05-06 02:07:28 INFO  loggingFilter:30 - request Payload :{"username":"daron.boyle","password":"f0wb4xs8qtzans","email":"john.batz@hotmail.com","firstName":"Margaretta","lastName":"O'Hara","mobileNumber":"9486061304"}
2026-05-06 02:07:28 INFO  loggingFilter:34 - Status Code :200
2026-05-06 02:07:28 INFO  loggingFilter:35 -  Request Header :Vary=Origin
Vary=Access-Control-Request-Method
Vary=Access-Control-Request-Headers
Access-Control-Allow-Origin=https://swift.techwithjatin.com
Access-Control-Allow-Methods=GET, POST, PUT, DELETE, OPTIONS
Access-Control-Max-Age=3600
Access-Control-Allow-Headers=Authorization, Content-Type, Accept
Access-Control-Allow-Credentials=true
X-Content-Type-Options=nosniff
X-XSS-Protection=0
Cache-Control=no-cache, no-store, max-age=0, must-revalidate
Pragma=no-cache
Expires=0
X-Frame-Options=DENY
Content-Type=text/plain;charset=UTF-8
Content-Length=29
Date=Tue, 05 May 2026 20:37:27 GMT
Keep-Alive=timeout=60
Connection=keep-alive
User registered successfully!
2026-05-06 02:07:28 INFO  loggingFilter:36 - response Payload :User registered successfully!
User registered successfully!
]]></system-out>
  </testcase>
  <testcase name="updateUser" classname="com.api.test.updateUserTest" time="0.283">
    <system-out><![CDATA[2026-05-06 02:07:28 INFO  myTestListner:24 - Test Got Passed*****
2026-05-06 02:07:28 INFO  myTestListner:25 - class org.testng.internal.TestNGMethod
2026-05-06 02:07:28 INFO  myTestListner:26 - Description***Verify that a user can sign up successfully with valid details
2026-05-06 02:07:28 INFO  myTestListner:18 - Test Execution Started*****
2026-05-06 02:07:28 INFO  myTestListner:19 - Start****class org.testng.internal.TestNGMethod
2026-05-06 02:07:28 INFO  loggingFilter:28 - BASE URI:http://64.227.160.186:8080/
2026-05-06 02:07:28 INFO  loggingFilter:29 - request Header :Accept=*/*
Content-Type=application/json
2026-05-06 02:07:28 INFO  loggingFilter:30 - request Payload :{"username":"uday1234","password":"uday12345"}
2026-05-06 02:07:28 INFO  loggingFilter:34 - Status Code :200
2026-05-06 02:07:28 INFO  loggingFilter:35 -  Request Header :Vary=Origin
Vary=Access-Control-Request-Method
Vary=Access-Control-Request-Headers
Access-Control-Allow-Origin=https://swift.techwithjatin.com
Access-Control-Allow-Methods=GET, POST, PUT, DELETE, OPTIONS
Access-Control-Max-Age=3600
Access-Control-Allow-Headers=Authorization, Content-Type, Accept
Access-Control-Allow-Credentials=true
X-Content-Type-Options=nosniff
X-XSS-Protection=0
Cache-Control=no-cache, no-store, max-age=0, must-revalidate
Pragma=no-cache
Expires=0
X-Frame-Options=DENY
Content-Type=application/json
Transfer-Encoding=chunked
Date=Tue, 05 May 2026 20:37:28 GMT
Keep-Alive=timeout=60
Connection=keep-alive
{
    "token": "eyJhbGciOiJIUzI1NiJ9.eyJzdWIiOiJ1ZGF5MTIzNCIsImlhdCI6MTc3ODAxMzQ0OCwiZXhwIjoxNzc4MDE3MDQ4fQ.txLkxDiADvLrymhpGpv1RtGchqrm2Sn5sAwBWHt727o",
    "type": "Bearer",
    "id": 1,
    "username": "uday1234",
    "email": "rahul.sharma03@gmail.com",
    "roles": [
        "ROLE_USER"
    ]
}
2026-05-06 02:07:28 INFO  loggingFilter:36 - response Payload :{
    "token": "eyJhbGciOiJIUzI1NiJ9.eyJzdWIiOiJ1ZGF5MTIzNCIsImlhdCI6MTc3ODAxMzQ0OCwiZXhwIjoxNzc4MDE3MDQ4fQ.txLkxDiADvLrymhpGpv1RtGchqrm2Sn5sAwBWHt727o",
    "type": "Bearer",
    "id": 1,
    "username": "uday1234",
    "email": "rahul.sharma03@gmail.com",
    "roles": [
        "ROLE_USER"
    ]
}
{
    "token": "eyJhbGciOiJIUzI1NiJ9.eyJzdWIiOiJ1ZGF5MTIzNCIsImlhdCI6MTc3ODAxMzQ0OCwiZXhwIjoxNzc4MDE3MDQ4fQ.txLkxDiADvLrymhpGpv1RtGchqrm2Sn5sAwBWHt727o",
    "type": "Bearer",
    "id": 1,
    "username": "uday1234",
    "email": "rahul.sharma03@gmail.com",
    "roles": [
        "ROLE_USER"
    ]
}
--------------------------------------------
2026-05-06 02:07:28 INFO  loggingFilter:28 - BASE URI:http://64.227.160.186:8080/
2026-05-06 02:07:28 INFO  loggingFilter:29 - request Header :Authorization=Bearer eyJhbGciOiJIUzI1NiJ9.eyJzdWIiOiJ1ZGF5MTIzNCIsImlhdCI6MTc3ODAxMzQ0OCwiZXhwIjoxNzc4MDE3MDQ4fQ.txLkxDiADvLrymhpGpv1RtGchqrm2Sn5sAwBWHt727o
Accept=*/*
2026-05-06 02:07:28 INFO  loggingFilter:30 - request Payload :null
2026-05-06 02:07:28 INFO  loggingFilter:34 - Status Code :200
2026-05-06 02:07:28 INFO  loggingFilter:35 -  Request Header :Vary=Origin
Vary=Access-Control-Request-Method
Vary=Access-Control-Request-Headers
Access-Control-Allow-Origin=https://swift.techwithjatin.com
Access-Control-Allow-Methods=GET, POST, PUT, DELETE, OPTIONS
Access-Control-Max-Age=3600
Access-Control-Allow-Headers=Authorization, Content-Type, Accept
Access-Control-Allow-Credentials=true
X-Content-Type-Options=nosniff
X-XSS-Protection=0
Cache-Control=no-cache, no-store, max-age=0, must-revalidate
Pragma=no-cache
Expires=0
X-Frame-Options=DENY
Content-Type=application/json
Transfer-Encoding=chunked
Date=Tue, 05 May 2026 20:37:28 GMT
Keep-Alive=timeout=60
Connection=keep-alive
{
    "id": 1,
    "username": "uday1234",
    "email": "rahul.sharma03@gmail.com",
    "firstName": "Rahul",
    "lastName": "Sharma",
    "mobileNumber": "9345678922"
}
2026-05-06 02:07:28 INFO  loggingFilter:36 - response Payload :{
    "id": 1,
    "username": "uday1234",
    "email": "rahul.sharma03@gmail.com",
    "firstName": "Rahul",
    "lastName": "Sharma",
    "mobileNumber": "9345678922"
}
{
    "id": 1,
    "username": "uday1234",
    "email": "rahul.sharma03@gmail.com",
    "firstName": "Rahul",
    "lastName": "Sharma",
    "mobileNumber": "9345678922"
}
eyJhbGciOiJIUzI1NiJ9.eyJzdWIiOiJ1ZGF5MTIzNCIsImlhdCI6MTc3ODAxMzQ0OCwiZXhwIjoxNzc4MDE3MDQ4fQ.txLkxDiADvLrymhpGpv1RtGchqrm2Sn5sAwBWHt727o
--------------------------------------------
2026-05-06 02:07:28 INFO  loggingFilter:28 - BASE URI:http://64.227.160.186:8080/
2026-05-06 02:07:28 INFO  loggingFilter:29 - request Header :Authorization=Bearer eyJhbGciOiJIUzI1NiJ9.eyJzdWIiOiJ1ZGF5MTIzNCIsImlhdCI6MTc3ODAxMzQ0OCwiZXhwIjoxNzc4MDE3MDQ4fQ.txLkxDiADvLrymhpGpv1RtGchqrm2Sn5sAwBWHt727o
Accept=*/*
Authorization=Bearer eyJhbGciOiJIUzI1NiJ9.eyJzdWIiOiJ1ZGF5MTIzNCIsImlhdCI6MTc3ODAxMzQ0OCwiZXhwIjoxNzc4MDE3MDQ4fQ.txLkxDiADvLrymhpGpv1RtGchqrm2Sn5sAwBWHt727o
Content-Type=application/json
2026-05-06 02:07:28 INFO  loggingFilter:30 - request Payload :{"firstName":"Rahul","lastName":"Sharma","email":"rahul.sharma03@gmail.com","mobileNumber":"9345678922","id":"1","username":"profile_edit03"}
2026-05-06 02:07:28 INFO  loggingFilter:34 - Status Code :200
2026-05-06 02:07:28 INFO  loggingFilter:35 -  Request Header :Vary=Origin
Vary=Access-Control-Request-Method
Vary=Access-Control-Request-Headers
Access-Control-Allow-Origin=https://swift.techwithjatin.com
Access-Control-Allow-Methods=GET, POST, PUT, DELETE, OPTIONS
Access-Control-Max-Age=3600
Access-Control-Allow-Headers=Authorization, Content-Type, Accept
Access-Control-Allow-Credentials=true
X-Content-Type-Options=nosniff
X-XSS-Protection=0
Cache-Control=no-cache, no-store, max-age=0, must-revalidate
Pragma=no-cache
Expires=0
X-Frame-Options=DENY
Content-Type=application/json
Transfer-Encoding=chunked
Date=Tue, 05 May 2026 20:37:28 GMT
Keep-Alive=timeout=60
Connection=keep-alive
{
    "id": 1,
    "username": "uday1234",
    "email": "rahul.sharma03@gmail.com",
    "firstName": "Rahul",
    "lastName": "Sharma",
    "mobileNumber": "9345678922"
}
2026-05-06 02:07:28 INFO  loggingFilter:36 - response Payload :{
    "id": 1,
    "username": "uday1234",
    "email": "rahul.sharma03@gmail.com",
    "firstName": "Rahul",
    "lastName": "Sharma",
    "mobileNumber": "9345678922"
}
{
    "id": 1,
    "username": "uday1234",
    "email": "rahul.sharma03@gmail.com",
    "firstName": "Rahul",
    "lastName": "Sharma",
    "mobileNumber": "9345678922"
}
--------------------------------------------
200
]]></system-out>
  </testcase>
</testsuite>